Arguments: 
  C:\Program Files\nodejs\node.exe C:\Program Files (x86)\Yarn\bin\yarn.js install --ignore-engines

PATH: 
  C:\Windows\system32;C:\Windows;C:\Windows\System32\Wbem;C:\Windows\System32\WindowsPowerShell\v1.0\;C:\Windows\System32\OpenSSH\;C:\Program Files\nodejs\;C:\Program Files\NVIDIA Corporation\NVIDIA NvDLISR;C:\Program Files (x86)\NVIDIA Corporation\PhysX\Common;C:\Program Files (x86)\Microsoft SQL Server\160\Tools\Binn\;C:\Program Files\Microsoft SQL Server\160\Tools\Binn\;C:\Program Files\Microsoft SQL Server\Client SDK\ODBC\170\Tools\Binn\;C:\Program Files\Microsoft SQL Server\160\DTS\Binn\;C:\Program Files (x86)\Microsoft SQL Server\160\DTS\Binn\;C:\Program Files\Azure Data Studio\bin;C:\Program Files (x86)\Yarn\bin;C:\Program Files\Docker\Docker\resources\bin;C:\Program Files\Microsoft SQL Server\150\Tools\Binn\;C:\Program Files\dotnet\;C:\Program Files (x86)\Windows Kits\10\Windows Performance Toolkit\;C:\Program Files\Git\cmd;C:\Users\estudos\AppData\Local\Microsoft\WindowsApps;C:\Users\estudos\AppData\Local\Programs\Microsoft VS Code\bin;C:\Users\estudos\AppData\Roaming\npm;C:\Program Files\nodejs\node_modules\npm\bin;C:\Users\estudos\AppData\Roaming\npm;C:\Users\estudos\.dotnet\tools;C:\Users\estudos\AppData\Local\gitkraken\bin

Yarn version: 
  1.3.2

Node version: 
  20.9.0

Platform: 
  win32 x64

npm manifest: 
  {
    "name": "api-solid",
    "version": "1.0.0",
    "description": "",
    "main": "index.js",
    "scripts": {
      "dev": "tsx watch src/server.ts",
      "build": "tsup src --out-dir build",
      "start": "node build/server.js",
      "test": "vitest run",
      "test:watch": "vitest",
      "test:coverage": "vitest run --coverage",
      "testui": "vitest --ui"
    },
    "keywords": [],
    "author": "",
    "license": "ISC",
    "devDependencies": {
      "@rocketseat/eslint-config": "2.2.2",
      "@types/bcryptjs": "2.4.6",
      "@types/node": "20.11.20",
      "@vitest/coverage-v8": "1.3.1",
      "eslint": "8.57.0",
      "prisma": "5.10.2",
      "tsup": "8.0.2",
      "tsx": "4.7.1",
      "typescript": "5.3.3",
      "vite-tsconfig-paths": "4.3.1",
      "vitest": "1.3.1"
   
    },
    "dependencies": {
      "@prisma/client": "5.10.2",
      "@types/bcryptjs": "2.4.6",
      "@types/nodemailer": "6.4.14",
      "bcryptjs": "2.4.3",
      "coverage": "0.4.1",
      "decimal": "0.0.2",
      "dotenv": "16.4.5",
      "fastify": "4.26.1",
      "fastify-multer": "2.0.3",
      "multer": "1.4.5-lts.1",
      "nodemailer": "6.9.12",
      "zod": "3.22.4"
    }
  }

yarn manifest: 
  No manifest

Lockfile: 
  No lockfile

Trace: 
  Error: EPERM: operation not permitted, unlink 'C:\Users\estudos\Documents\rocketseat\nodejs\comerce\node_modules\@esbuild\win32-x64\esbuild.exe'
